<?xml version="1.0" encoding="UTF-8"?>
<testng-results ignored="0" total="1" passed="1" failed="0" skipped="0">
  <reporter-output>
  </reporter-output>
  <suite started-at="2019-03-06T05:38:22Z" name="Default suite" finished-at="2019-03-06T05:38:33Z" duration-ms="11123">
    <groups>
    </groups>
    <test started-at="2019-03-06T05:38:22Z" name="Default test" finished-at="2019-03-06T05:38:33Z" duration-ms="11123">
      <class name="DemoAppForAzure.AzureApp.AppTest">
        <test-method signature="testAppForWeb()[pri:0, instance:DemoAppForAzure.AzureApp.AppTest@8297b3a]" started-at="2019-03-06T05:38:22Z" name="testAppForWeb" finished-at="2019-03-06T05:38:33Z" duration-ms="11092" status="PASS">
          <reporter-output>
          </reporter-output>
        </test-method> <!-- testAppForWeb -->
      </class> <!-- DemoAppForAzure.AzureApp.AppTest -->
    </test> <!-- Default test -->
  </suite> <!-- Default suite -->
</testng-results>
